<?xml version="1.0" encoding="UTF-8"?>
<testsuite xmlns:xsi="http://www.w3.org/2001/XMLSchema-instance" xsi:noNamespaceSchemaLocation="https://maven.apache.org/surefire/maven-surefire-plugin/xsd/surefire-test-report-3.0.xsd" version="3.0" name="edu.school21.numbers.NumberWorkerTest" time="1.779" tests="37" errors="0" skipped="0" failures="0">
  <properties>
    <property name="java.specification.version" value="18"/>
    <property name="sun.jnu.encoding" value="UTF-8"/>
    <property name="java.class.path" value="/Users/zu/Documents/School21/Level5/Piscine-Java/Module_06/ex02/target/test-classes:/Users/zu/Documents/School21/Level5/Piscine-Java/Module_06/ex02/target/classes:/Users/zu/.m2/repository/org/apache/maven/plugins/maven-surefire-plugin/3.0.0-M6/maven-surefire-plugin-3.0.0-M6.jar:/Users/zu/.m2/repository/org/apache/maven/surefire/maven-surefire-common/3.0.0-M6/maven-surefire-common-3.0.0-M6.jar:/Users/zu/.m2/repository/org/apache/maven/surefire/surefire-api/3.0.0-M6/surefire-api-3.0.0-M6.jar:/Users/zu/.m2/repository/org/apache/maven/surefire/surefire-logger-api/3.0.0-M6/surefire-logger-api-3.0.0-M6.jar:/Users/zu/.m2/repository/org/apache/maven/surefire/surefire-extensions-api/3.0.0-M6/surefire-extensions-api-3.0.0-M6.jar:/Users/zu/.m2/repository/org/apache/maven/surefire/surefire-booter/3.0.0-M6/surefire-booter-3.0.0-M6.jar:/Users/zu/.m2/repository/org/apache/maven/surefire/surefire-extensions-spi/3.0.0-M6/surefire-extensions-spi-3.0.0-M6.jar:/Users/zu/.m2/repository/org/apache/maven/shared/maven-common-artifact-filters/3.1.1/maven-common-artifact-filters-3.1.1.jar:/Users/zu/.m2/repository/org/apache/maven/maven-artifact/3.1.0/maven-artifact-3.1.0.jar:/Users/zu/.m2/repository/org/codehaus/plexus/plexus-utils/3.0.10/plexus-utils-3.0.10.jar:/Users/zu/.m2/repository/org/apache/maven/maven-core/3.1.0/maven-core-3.1.0.jar:/Users/zu/.m2/repository/org/apache/maven/maven-settings/3.1.0/maven-settings-3.1.0.jar:/Users/zu/.m2/repository/org/apache/maven/maven-settings-builder/3.1.0/maven-settings-builder-3.1.0.jar:/Users/zu/.m2/repository/org/apache/maven/maven-repository-metadata/3.1.0/maven-repository-metadata-3.1.0.jar:/Users/zu/.m2/repository/org/apache/maven/maven-model-builder/3.1.0/maven-model-builder-3.1.0.jar:/Users/zu/.m2/repository/org/apache/maven/maven-aether-provider/3.1.0/maven-aether-provider-3.1.0.jar:/Users/zu/.m2/repository/org/eclipse/aether/aether-spi/0.9.0.M2/aether-spi-0.9.0.M2.jar:/Users/zu/.m2/repository/org/eclipse/aether/aether-impl/0.9.0.M2/aether-impl-0.9.0.M2.jar:/Users/zu/.m2/repository/org/eclipse/aether/aether-api/0.9.0.M2/aether-api-0.9.0.M2.jar:/Users/zu/.m2/repository/org/eclipse/aether/aether-util/0.9.0.M2/aether-util-0.9.0.M2.jar:/Users/zu/.m2/repository/org/eclipse/sisu/org.eclipse.sisu.plexus/0.0.0.M2a/org.eclipse.sisu.plexus-0.0.0.M2a.jar:/Users/zu/.m2/repository/javax/enterprise/cdi-api/1.0/cdi-api-1.0.jar:/Users/zu/.m2/repository/javax/annotation/jsr250-api/1.0/jsr250-api-1.0.jar:/Users/zu/.m2/repository/javax/inject/javax.inject/1/javax.inject-1.jar:/Users/zu/.m2/repository/com/google/guava/guava/10.0.1/guava-10.0.1.jar:/Users/zu/.m2/repository/com/google/code/findbugs/jsr305/1.3.9/jsr305-1.3.9.jar:/Users/zu/.m2/repository/org/sonatype/sisu/sisu-guice/3.1.0/sisu-guice-3.1.0-no_aop.jar:/Users/zu/.m2/repository/aopalliance/aopalliance/1.0/aopalliance-1.0.jar:/Users/zu/.m2/repository/org/eclipse/sisu/org.eclipse.sisu.inject/0.0.0.M2a/org.eclipse.sisu.inject-0.0.0.M2a.jar:/Users/zu/.m2/repository/asm/asm/3.3.1/asm-3.3.1.jar:/Users/zu/.m2/repository/org/codehaus/plexus/plexus-interpolation/1.16/plexus-interpolation-1.16.jar:/Users/zu/.m2/repository/org/codehaus/plexus/plexus-classworlds/2.4.2/plexus-classworlds-2.4.2.jar:/Users/zu/.m2/repository/org/codehaus/plexus/plexus-component-annotations/1.5.5/plexus-component-annotations-1.5.5.jar:/Users/zu/.m2/repository/org/sonatype/plexus/plexus-sec-dispatcher/1.3/plexus-sec-dispatcher-1.3.jar:/Users/zu/.m2/repository/org/sonatype/plexus/plexus-cipher/1.4/plexus-cipher-1.4.jar:/Users/zu/.m2/repository/org/apache/maven/maven-plugin-api/3.1.0/maven-plugin-api-3.1.0.jar:/Users/zu/.m2/repository/commons-io/commons-io/2.6/commons-io-2.6.jar:/Users/zu/.m2/repository/org/codehaus/plexus/plexus-java/1.1.1/plexus-java-1.1.1.jar:/Users/zu/.m2/repository/org/ow2/asm/asm/9.2/asm-9.2.jar:/Users/zu/.m2/repository/com/thoughtworks/qdox/qdox/2.0.1/qdox-2.0.1.jar:/Users/zu/.m2/repository/org/apache/maven/surefire/surefire-shared-utils/3.0.0-M6/surefire-shared-utils-3.0.0-M6.jar:/Users/zu/.m2/repository/org/junit/jupiter/junit-jupiter-engine/5.8.2/junit-jupiter-engine-5.8.2.jar:/Users/zu/.m2/repository/org/junit/platform/junit-platform-engine/1.8.2/junit-platform-engine-1.8.2.jar:/Users/zu/.m2/repository/org/apiguardian/apiguardian-api/1.1.2/apiguardian-api-1.1.2.jar:/Users/zu/.m2/repository/org/junit/jupiter/junit-jupiter-params/5.8.2/junit-jupiter-params-5.8.2.jar:/Users/zu/.m2/repository/org/junit/jupiter/junit-jupiter-api/5.8.2/junit-jupiter-api-5.8.2.jar:/Users/zu/.m2/repository/org/opentest4j/opentest4j/1.2.0/opentest4j-1.2.0.jar:/Users/zu/.m2/repository/org/junit/platform/junit-platform-commons/1.8.2/junit-platform-commons-1.8.2.jar:/Users/zu/.m2/repository/org/springframework/boot/spring-boot-starter-data-jpa/2.5.2/spring-boot-starter-data-jpa-2.5.2.jar:/Users/zu/.m2/repository/org/springframework/boot/spring-boot-starter-aop/2.5.2/spring-boot-starter-aop-2.5.2.jar:/Users/zu/.m2/repository/org/springframework/boot/spring-boot-starter/2.5.2/spring-boot-starter-2.5.2.jar:/Users/zu/.m2/repository/org/springframework/boot/spring-boot/2.5.2/spring-boot-2.5.2.jar:/Users/zu/.m2/repository/org/springframework/boot/spring-boot-autoconfigure/2.5.2/spring-boot-autoconfigure-2.5.2.jar:/Users/zu/.m2/repository/org/springframework/boot/spring-boot-starter-logging/2.5.2/spring-boot-starter-logging-2.5.2.jar:/Users/zu/.m2/repository/ch/qos/logback/logback-classic/1.2.3/logback-classic-1.2.3.jar:/Users/zu/.m2/repository/ch/qos/logback/logback-core/1.2.3/logback-core-1.2.3.jar:/Users/zu/.m2/repository/org/apache/logging/log4j/log4j-to-slf4j/2.14.1/log4j-to-slf4j-2.14.1.jar:/Users/zu/.m2/repository/org/apache/logging/log4j/log4j-api/2.14.1/log4j-api-2.14.1.jar:/Users/zu/.m2/repository/org/slf4j/jul-to-slf4j/1.7.31/jul-to-slf4j-1.7.31.jar:/Users/zu/.m2/repository/jakarta/annotation/jakarta.annotation-api/1.3.5/jakarta.annotation-api-1.3.5.jar:/Users/zu/.m2/repository/org/yaml/snakeyaml/1.28/snakeyaml-1.28.jar:/Users/zu/.m2/repository/org/springframework/spring-aop/5.3.8/spring-aop-5.3.8.jar:/Users/zu/.m2/repository/org/aspectj/aspectjweaver/1.9.6/aspectjweaver-1.9.6.jar:/Users/zu/.m2/repository/org/springframework/boot/spring-boot-starter-jdbc/2.5.2/spring-boot-starter-jdbc-2.5.2.jar:/Users/zu/.m2/repository/com/zaxxer/HikariCP/4.0.3/HikariCP-4.0.3.jar:/Users/zu/.m2/repository/org/springframework/spring-jdbc/5.3.8/spring-jdbc-5.3.8.jar:/Users/zu/.m2/repository/jakarta/transaction/jakarta.transaction-api/1.3.3/jakarta.transaction-api-1.3.3.jar:/Users/zu/.m2/repository/jakarta/persistence/jakarta.persistence-api/2.2.3/jakarta.persistence-api-2.2.3.jar:/Users/zu/.m2/repository/org/hibernate/hibernate-core/5.4.32.Final/hibernate-core-5.4.32.Final.jar:/Users/zu/.m2/repository/org/jboss/logging/jboss-logging/3.4.1.Final/jboss-logging-3.4.1.Final.jar:/Users/zu/.m2/repository/org/javassist/javassist/3.27.0-GA/javassist-3.27.0-GA.jar:/Users/zu/.m2/repository/net/bytebuddy/byte-buddy/1.10.22/byte-buddy-1.10.22.jar:/Users/zu/.m2/repository/antlr/antlr/2.7.7/antlr-2.7.7.jar:/Users/zu/.m2/repository/org/jboss/jandex/2.2.3.Final/jandex-2.2.3.Final.jar:/Users/zu/.m2/repository/com/fasterxml/classmate/1.5.1/classmate-1.5.1.jar:/Users/zu/.m2/repository/org/dom4j/dom4j/2.1.3/dom4j-2.1.3.jar:/Users/zu/.m2/repository/org/hibernate/common/hibernate-commons-annotations/5.1.2.Final/hibernate-commons-annotations-5.1.2.Final.jar:/Users/zu/.m2/repository/org/glassfish/jaxb/jaxb-runtime/2.3.1/jaxb-runtime-2.3.1.jar:/Users/zu/.m2/repository/org/glassfish/jaxb/txw2/2.3.1/txw2-2.3.1.jar:/Users/zu/.m2/repository/com/sun/istack/istack-commons-runtime/3.0.7/istack-commons-runtime-3.0.7.jar:/Users/zu/.m2/repository/org/jvnet/staxex/stax-ex/1.8/stax-ex-1.8.jar:/Users/zu/.m2/repository/com/sun/xml/fastinfoset/FastInfoset/1.2.15/FastInfoset-1.2.15.jar:/Users/zu/.m2/repository/org/springframework/data/spring-data-jpa/2.5.2/spring-data-jpa-2.5.2.jar:/Users/zu/.m2/repository/org/springframework/data/spring-data-commons/2.5.2/spring-data-commons-2.5.2.jar:/Users/zu/.m2/repository/org/springframework/spring-orm/5.3.8/spring-orm-5.3.8.jar:/Users/zu/.m2/repository/org/springframework/spring-context/5.3.8/spring-context-5.3.8.jar:/Users/zu/.m2/repository/org/springframework/spring-expression/5.3.8/spring-expression-5.3.8.jar:/Users/zu/.m2/repository/org/springframework/spring-tx/5.3.8/spring-tx-5.3.8.jar:/Users/zu/.m2/repository/org/springframework/spring-beans/5.3.8/spring-beans-5.3.8.jar:/Users/zu/.m2/repository/org/springframework/spring-core/5.3.8/spring-core-5.3.8.jar:/Users/zu/.m2/repository/org/springframework/spring-jcl/5.3.8/spring-jcl-5.3.8.jar:/Users/zu/.m2/repository/org/slf4j/slf4j-api/1.7.26/slf4j-api-1.7.26.jar:/Users/zu/.m2/repository/org/springframework/spring-aspects/5.3.8/spring-aspects-5.3.8.jar:/Users/zu/.m2/repository/org/hsqldb/hsqldb/2.4.0/hsqldb-2.4.0.jar:"/>
    <property name="java.vm.vendor" value="Homebrew"/>
    <property name="sun.arch.data.model" value="64"/>
    <property name="java.vendor.url" value="https://github.com/Homebrew/homebrew-core/issues"/>
    <property name="os.name" value="Mac OS X"/>
    <property name="java.vm.specification.version" value="18"/>
    <property name="sun.java.launcher" value="SUN_STANDARD"/>
    <property name="user.country" value="RU"/>
    <property name="sun.boot.library.path" value="/Users/zu/.brew/Cellar/openjdk/18.0.1/libexec/openjdk.jdk/Contents/Home/lib"/>
    <property name="sun.java.command" value="/Users/zu/Documents/School21/Level5/Piscine-Java/Module_06/ex02/target/surefire/surefirebooter15383659475262118608.jar /Users/zu/Documents/School21/Level5/Piscine-Java/Module_06/ex02/target/surefire 2022-04-27T21-51-28_584-jvmRun1 surefire13161756125167860430tmp surefire_012519129751578385402tmp"/>
    <property name="jdk.debug" value="release"/>
    <property name="surefire.test.class.path" value="/Users/zu/Documents/School21/Level5/Piscine-Java/Module_06/ex02/target/test-classes:/Users/zu/Documents/School21/Level5/Piscine-Java/Module_06/ex02/target/classes:/Users/zu/.m2/repository/org/apache/maven/plugins/maven-surefire-plugin/3.0.0-M6/maven-surefire-plugin-3.0.0-M6.jar:/Users/zu/.m2/repository/org/apache/maven/surefire/maven-surefire-common/3.0.0-M6/maven-surefire-common-3.0.0-M6.jar:/Users/zu/.m2/repository/org/apache/maven/surefire/surefire-api/3.0.0-M6/surefire-api-3.0.0-M6.jar:/Users/zu/.m2/repository/org/apache/maven/surefire/surefire-logger-api/3.0.0-M6/surefire-logger-api-3.0.0-M6.jar:/Users/zu/.m2/repository/org/apache/maven/surefire/surefire-extensions-api/3.0.0-M6/surefire-extensions-api-3.0.0-M6.jar:/Users/zu/.m2/repository/org/apache/maven/surefire/surefire-booter/3.0.0-M6/surefire-booter-3.0.0-M6.jar:/Users/zu/.m2/repository/org/apache/maven/surefire/surefire-extensions-spi/3.0.0-M6/surefire-extensions-spi-3.0.0-M6.jar:/Users/zu/.m2/repository/org/apache/maven/shared/maven-common-artifact-filters/3.1.1/maven-common-artifact-filters-3.1.1.jar:/Users/zu/.m2/repository/org/apache/maven/maven-artifact/3.1.0/maven-artifact-3.1.0.jar:/Users/zu/.m2/repository/org/codehaus/plexus/plexus-utils/3.0.10/plexus-utils-3.0.10.jar:/Users/zu/.m2/repository/org/apache/maven/maven-core/3.1.0/maven-core-3.1.0.jar:/Users/zu/.m2/repository/org/apache/maven/maven-settings/3.1.0/maven-settings-3.1.0.jar:/Users/zu/.m2/repository/org/apache/maven/maven-settings-builder/3.1.0/maven-settings-builder-3.1.0.jar:/Users/zu/.m2/repository/org/apache/maven/maven-repository-metadata/3.1.0/maven-repository-metadata-3.1.0.jar:/Users/zu/.m2/repository/org/apache/maven/maven-model-builder/3.1.0/maven-model-builder-3.1.0.jar:/Users/zu/.m2/repository/org/apache/maven/maven-aether-provider/3.1.0/maven-aether-provider-3.1.0.jar:/Users/zu/.m2/repository/org/eclipse/aether/aether-spi/0.9.0.M2/aether-spi-0.9.0.M2.jar:/Users/zu/.m2/repository/org/eclipse/aether/aether-impl/0.9.0.M2/aether-impl-0.9.0.M2.jar:/Users/zu/.m2/repository/org/eclipse/aether/aether-api/0.9.0.M2/aether-api-0.9.0.M2.jar:/Users/zu/.m2/repository/org/eclipse/aether/aether-util/0.9.0.M2/aether-util-0.9.0.M2.jar:/Users/zu/.m2/repository/org/eclipse/sisu/org.eclipse.sisu.plexus/0.0.0.M2a/org.eclipse.sisu.plexus-0.0.0.M2a.jar:/Users/zu/.m2/repository/javax/enterprise/cdi-api/1.0/cdi-api-1.0.jar:/Users/zu/.m2/repository/javax/annotation/jsr250-api/1.0/jsr250-api-1.0.jar:/Users/zu/.m2/repository/javax/inject/javax.inject/1/javax.inject-1.jar:/Users/zu/.m2/repository/com/google/guava/guava/10.0.1/guava-10.0.1.jar:/Users/zu/.m2/repository/com/google/code/findbugs/jsr305/1.3.9/jsr305-1.3.9.jar:/Users/zu/.m2/repository/org/sonatype/sisu/sisu-guice/3.1.0/sisu-guice-3.1.0-no_aop.jar:/Users/zu/.m2/repository/aopalliance/aopalliance/1.0/aopalliance-1.0.jar:/Users/zu/.m2/repository/org/eclipse/sisu/org.eclipse.sisu.inject/0.0.0.M2a/org.eclipse.sisu.inject-0.0.0.M2a.jar:/Users/zu/.m2/repository/asm/asm/3.3.1/asm-3.3.1.jar:/Users/zu/.m2/repository/org/codehaus/plexus/plexus-interpolation/1.16/plexus-interpolation-1.16.jar:/Users/zu/.m2/repository/org/codehaus/plexus/plexus-classworlds/2.4.2/plexus-classworlds-2.4.2.jar:/Users/zu/.m2/repository/org/codehaus/plexus/plexus-component-annotations/1.5.5/plexus-component-annotations-1.5.5.jar:/Users/zu/.m2/repository/org/sonatype/plexus/plexus-sec-dispatcher/1.3/plexus-sec-dispatcher-1.3.jar:/Users/zu/.m2/repository/org/sonatype/plexus/plexus-cipher/1.4/plexus-cipher-1.4.jar:/Users/zu/.m2/repository/org/apache/maven/maven-plugin-api/3.1.0/maven-plugin-api-3.1.0.jar:/Users/zu/.m2/repository/commons-io/commons-io/2.6/commons-io-2.6.jar:/Users/zu/.m2/repository/org/codehaus/plexus/plexus-java/1.1.1/plexus-java-1.1.1.jar:/Users/zu/.m2/repository/org/ow2/asm/asm/9.2/asm-9.2.jar:/Users/zu/.m2/repository/com/thoughtworks/qdox/qdox/2.0.1/qdox-2.0.1.jar:/Users/zu/.m2/repository/org/apache/maven/surefire/surefire-shared-utils/3.0.0-M6/surefire-shared-utils-3.0.0-M6.jar:/Users/zu/.m2/repository/org/junit/jupiter/junit-jupiter-engine/5.8.2/junit-jupiter-engine-5.8.2.jar:/Users/zu/.m2/repository/org/junit/platform/junit-platform-engine/1.8.2/junit-platform-engine-1.8.2.jar:/Users/zu/.m2/repository/org/apiguardian/apiguardian-api/1.1.2/apiguardian-api-1.1.2.jar:/Users/zu/.m2/repository/org/junit/jupiter/junit-jupiter-params/5.8.2/junit-jupiter-params-5.8.2.jar:/Users/zu/.m2/repository/org/junit/jupiter/junit-jupiter-api/5.8.2/junit-jupiter-api-5.8.2.jar:/Users/zu/.m2/repository/org/opentest4j/opentest4j/1.2.0/opentest4j-1.2.0.jar:/Users/zu/.m2/repository/org/junit/platform/junit-platform-commons/1.8.2/junit-platform-commons-1.8.2.jar:/Users/zu/.m2/repository/org/springframework/boot/spring-boot-starter-data-jpa/2.5.2/spring-boot-starter-data-jpa-2.5.2.jar:/Users/zu/.m2/repository/org/springframework/boot/spring-boot-starter-aop/2.5.2/spring-boot-starter-aop-2.5.2.jar:/Users/zu/.m2/repository/org/springframework/boot/spring-boot-starter/2.5.2/spring-boot-starter-2.5.2.jar:/Users/zu/.m2/repository/org/springframework/boot/spring-boot/2.5.2/spring-boot-2.5.2.jar:/Users/zu/.m2/repository/org/springframework/boot/spring-boot-autoconfigure/2.5.2/spring-boot-autoconfigure-2.5.2.jar:/Users/zu/.m2/repository/org/springframework/boot/spring-boot-starter-logging/2.5.2/spring-boot-starter-logging-2.5.2.jar:/Users/zu/.m2/repository/ch/qos/logback/logback-classic/1.2.3/logback-classic-1.2.3.jar:/Users/zu/.m2/repository/ch/qos/logback/logback-core/1.2.3/logback-core-1.2.3.jar:/Users/zu/.m2/repository/org/apache/logging/log4j/log4j-to-slf4j/2.14.1/log4j-to-slf4j-2.14.1.jar:/Users/zu/.m2/repository/org/apache/logging/log4j/log4j-api/2.14.1/log4j-api-2.14.1.jar:/Users/zu/.m2/repository/org/slf4j/jul-to-slf4j/1.7.31/jul-to-slf4j-1.7.31.jar:/Users/zu/.m2/repository/jakarta/annotation/jakarta.annotation-api/1.3.5/jakarta.annotation-api-1.3.5.jar:/Users/zu/.m2/repository/org/yaml/snakeyaml/1.28/snakeyaml-1.28.jar:/Users/zu/.m2/repository/org/springframework/spring-aop/5.3.8/spring-aop-5.3.8.jar:/Users/zu/.m2/repository/org/aspectj/aspectjweaver/1.9.6/aspectjweaver-1.9.6.jar:/Users/zu/.m2/repository/org/springframework/boot/spring-boot-starter-jdbc/2.5.2/spring-boot-starter-jdbc-2.5.2.jar:/Users/zu/.m2/repository/com/zaxxer/HikariCP/4.0.3/HikariCP-4.0.3.jar:/Users/zu/.m2/repository/org/springframework/spring-jdbc/5.3.8/spring-jdbc-5.3.8.jar:/Users/zu/.m2/repository/jakarta/transaction/jakarta.transaction-api/1.3.3/jakarta.transaction-api-1.3.3.jar:/Users/zu/.m2/repository/jakarta/persistence/jakarta.persistence-api/2.2.3/jakarta.persistence-api-2.2.3.jar:/Users/zu/.m2/repository/org/hibernate/hibernate-core/5.4.32.Final/hibernate-core-5.4.32.Final.jar:/Users/zu/.m2/repository/org/jboss/logging/jboss-logging/3.4.1.Final/jboss-logging-3.4.1.Final.jar:/Users/zu/.m2/repository/org/javassist/javassist/3.27.0-GA/javassist-3.27.0-GA.jar:/Users/zu/.m2/repository/net/bytebuddy/byte-buddy/1.10.22/byte-buddy-1.10.22.jar:/Users/zu/.m2/repository/antlr/antlr/2.7.7/antlr-2.7.7.jar:/Users/zu/.m2/repository/org/jboss/jandex/2.2.3.Final/jandex-2.2.3.Final.jar:/Users/zu/.m2/repository/com/fasterxml/classmate/1.5.1/classmate-1.5.1.jar:/Users/zu/.m2/repository/org/dom4j/dom4j/2.1.3/dom4j-2.1.3.jar:/Users/zu/.m2/repository/org/hibernate/common/hibernate-commons-annotations/5.1.2.Final/hibernate-commons-annotations-5.1.2.Final.jar:/Users/zu/.m2/repository/org/glassfish/jaxb/jaxb-runtime/2.3.1/jaxb-runtime-2.3.1.jar:/Users/zu/.m2/repository/org/glassfish/jaxb/txw2/2.3.1/txw2-2.3.1.jar:/Users/zu/.m2/repository/com/sun/istack/istack-commons-runtime/3.0.7/istack-commons-runtime-3.0.7.jar:/Users/zu/.m2/repository/org/jvnet/staxex/stax-ex/1.8/stax-ex-1.8.jar:/Users/zu/.m2/repository/com/sun/xml/fastinfoset/FastInfoset/1.2.15/FastInfoset-1.2.15.jar:/Users/zu/.m2/repository/org/springframework/data/spring-data-jpa/2.5.2/spring-data-jpa-2.5.2.jar:/Users/zu/.m2/repository/org/springframework/data/spring-data-commons/2.5.2/spring-data-commons-2.5.2.jar:/Users/zu/.m2/repository/org/springframework/spring-orm/5.3.8/spring-orm-5.3.8.jar:/Users/zu/.m2/repository/org/springframework/spring-context/5.3.8/spring-context-5.3.8.jar:/Users/zu/.m2/repository/org/springframework/spring-expression/5.3.8/spring-expression-5.3.8.jar:/Users/zu/.m2/repository/org/springframework/spring-tx/5.3.8/spring-tx-5.3.8.jar:/Users/zu/.m2/repository/org/springframework/spring-beans/5.3.8/spring-beans-5.3.8.jar:/Users/zu/.m2/repository/org/springframework/spring-core/5.3.8/spring-core-5.3.8.jar:/Users/zu/.m2/repository/org/springframework/spring-jcl/5.3.8/spring-jcl-5.3.8.jar:/Users/zu/.m2/repository/org/slf4j/slf4j-api/1.7.26/slf4j-api-1.7.26.jar:/Users/zu/.m2/repository/org/springframework/spring-aspects/5.3.8/spring-aspects-5.3.8.jar:/Users/zu/.m2/repository/org/hsqldb/hsqldb/2.4.0/hsqldb-2.4.0.jar:"/>
    <property name="sun.cpu.endian" value="little"/>
    <property name="user.home" value="/Users/zu"/>
    <property name="user.language" value="en"/>
    <property name="java.specification.vendor" value="Oracle Corporation"/>
    <property name="java.version.date" value="2022-04-19"/>
    <property name="java.home" value="/Users/zu/.brew/Cellar/openjdk/18.0.1/libexec/openjdk.jdk/Contents/Home"/>
    <property name="file.separator" value="/"/>
    <property name="basedir" value="/Users/zu/Documents/School21/Level5/Piscine-Java/Module_06/ex02"/>
    <property name="java.vm.compressedOopsMode" value="Zero based"/>
    <property name="line.separator" value="&#10;"/>
    <property name="java.vm.specification.vendor" value="Oracle Corporation"/>
    <property name="java.specification.name" value="Java Platform API Specification"/>
    <property name="apple.awt.application.name" value="ForkedBooter"/>
    <property name="surefire.real.class.path" value="/Users/zu/Documents/School21/Level5/Piscine-Java/Module_06/ex02/target/surefire/surefirebooter15383659475262118608.jar"/>
    <property name="sun.management.compiler" value="HotSpot 64-Bit Tiered Compilers"/>
    <property name="java.runtime.version" value="18.0.1+0"/>
    <property name="user.name" value="zu"/>
    <property name="path.separator" value=":"/>
    <property name="os.version" value="12.2.1"/>
    <property name="java.runtime.name" value="OpenJDK Runtime Environment"/>
    <property name="file.encoding" value="UTF-8"/>
    <property name="java.vm.name" value="OpenJDK 64-Bit Server VM"/>
    <property name="java.vendor.version" value="Homebrew"/>
    <property name="localRepository" value="/Users/zu/.m2/repository"/>
    <property name="java.vendor.url.bug" value="https://github.com/Homebrew/homebrew-core/issues"/>
    <property name="java.io.tmpdir" value="/var/folders/_h/0bvfbkd10vd2kn22y8gbxqh80000gp/T/"/>
    <property name="java.version" value="18.0.1"/>
    <property name="user.dir" value="/Users/zu/Documents/School21/Level5/Piscine-Java/Module_06/ex02"/>
    <property name="os.arch" value="x86_64"/>
    <property name="java.vm.specification.name" value="Java Virtual Machine Specification"/>
    <property name="native.encoding" value="UTF-8"/>
    <property name="java.library.path" value="/Users/zu/Library/Java/Extensions:/Library/Java/Extensions:/Network/Library/Java/Extensions:/System/Library/Java/Extensions:/usr/lib/java:."/>
    <property name="java.vm.info" value="mixed mode, sharing"/>
    <property name="java.vendor" value="Homebrew"/>
    <property name="java.vm.version" value="18.0.1+0"/>
    <property name="sun.io.unicode.encoding" value="UnicodeBig"/>
    <property name="java.class.version" value="62.0"/>
  </properties>
  <testcase name="isPrimeForNotPrimes(int)[1]" classname="edu.school21.numbers.NumberWorkerTest" time="0.035"/>
  <testcase name="isPrimeForNotPrimes(int)[2]" classname="edu.school21.numbers.NumberWorkerTest" time="0.001"/>
  <testcase name="isPrimeForNotPrimes(int)[3]" classname="edu.school21.numbers.NumberWorkerTest" time="0.001"/>
  <testcase name="isPrimeForNotPrimes(int)[4]" classname="edu.school21.numbers.NumberWorkerTest" time="0"/>
  <testcase name="isPrimeForNotPrimes(int)[5]" classname="edu.school21.numbers.NumberWorkerTest" time="0.001"/>
  <testcase name="isPrimeForNotPrimes(int)[6]" classname="edu.school21.numbers.NumberWorkerTest" time="0.001"/>
  <testcase name="isPrimeForNotPrimes(int)[7]" classname="edu.school21.numbers.NumberWorkerTest" time="0.001"/>
  <testcase name="checkDigitsSum(int, int)[1]" classname="edu.school21.numbers.NumberWorkerTest" time="0.003"/>
  <testcase name="checkDigitsSum(int, int)[2]" classname="edu.school21.numbers.NumberWorkerTest" time="0.001"/>
  <testcase name="checkDigitsSum(int, int)[3]" classname="edu.school21.numbers.NumberWorkerTest" time="0"/>
  <testcase name="checkDigitsSum(int, int)[4]" classname="edu.school21.numbers.NumberWorkerTest" time="0.001"/>
  <testcase name="checkDigitsSum(int, int)[5]" classname="edu.school21.numbers.NumberWorkerTest" time="0.001"/>
  <testcase name="checkDigitsSum(int, int)[6]" classname="edu.school21.numbers.NumberWorkerTest" time="0.001"/>
  <testcase name="checkDigitsSum(int, int)[7]" classname="edu.school21.numbers.NumberWorkerTest" time="0.001"/>
  <testcase name="checkDigitsSum(int, int)[8]" classname="edu.school21.numbers.NumberWorkerTest" time="0.001"/>
  <testcase name="checkDigitsSum(int, int)[9]" classname="edu.school21.numbers.NumberWorkerTest" time="0"/>
  <testcase name="checkDigitsSum(int, int)[10]" classname="edu.school21.numbers.NumberWorkerTest" time="0"/>
  <testcase name="checkDigitsSum(int, int)[11]" classname="edu.school21.numbers.NumberWorkerTest" time="0.001"/>
  <testcase name="checkDigitsSum(int, int)[12]" classname="edu.school21.numbers.NumberWorkerTest" time="0.001"/>
  <testcase name="checkDigitsSum(int, int)[13]" classname="edu.school21.numbers.NumberWorkerTest" time="0"/>
  <testcase name="isPrimeForPrimes(int)[1]" classname="edu.school21.numbers.NumberWorkerTest" time="1.626"/>
  <testcase name="isPrimeForPrimes(int)[2]" classname="edu.school21.numbers.NumberWorkerTest" time="0"/>
  <testcase name="isPrimeForPrimes(int)[3]" classname="edu.school21.numbers.NumberWorkerTest" time="0.001"/>
  <testcase name="isPrimeForPrimes(int)[4]" classname="edu.school21.numbers.NumberWorkerTest" time="0.001"/>
  <testcase name="isPrimeForPrimes(int)[5]" classname="edu.school21.numbers.NumberWorkerTest" time="0"/>
  <testcase name="isPrimeForPrimes(int)[6]" classname="edu.school21.numbers.NumberWorkerTest" time="0"/>
  <testcase name="isPrimeForPrimes(int)[7]" classname="edu.school21.numbers.NumberWorkerTest" time="0"/>
  <testcase name="isPrimeForPrimes(int)[8]" classname="edu.school21.numbers.NumberWorkerTest" time="0"/>
  <testcase name="isPrimeForPrimes(int)[9]" classname="edu.school21.numbers.NumberWorkerTest" time="0"/>
  <testcase name="isPrimeForPrimes(int)[10]" classname="edu.school21.numbers.NumberWorkerTest" time="0"/>
  <testcase name="isPrimeForPrimes(int)[11]" classname="edu.school21.numbers.NumberWorkerTest" time="0"/>
  <testcase name="isPrimeForIncorrectNumbers(int)[1]" classname="edu.school21.numbers.NumberWorkerTest" time="0.002"/>
  <testcase name="isPrimeForIncorrectNumbers(int)[2]" classname="edu.school21.numbers.NumberWorkerTest" time="0"/>
  <testcase name="isPrimeForIncorrectNumbers(int)[3]" classname="edu.school21.numbers.NumberWorkerTest" time="0.001"/>
  <testcase name="isPrimeForIncorrectNumbers(int)[4]" classname="edu.school21.numbers.NumberWorkerTest" time="0.001"/>
  <testcase name="isPrimeForIncorrectNumbers(int)[5]" classname="edu.school21.numbers.NumberWorkerTest" time="0"/>
  <testcase name="isPrimeForIncorrectNumbers(int)[6]" classname="edu.school21.numbers.NumberWorkerTest" time="0"/>
</testsuite>